<?xml version="1.0" encoding="utf-8"?><testsuites name="pytest tests"><testsuite name="pytest" errors="0" failures="0" skipped="0" tests="14" time="7.020" timestamp="2026-03-10T23:55:28.139486+00:00" hostname="agent-env-cc056339-1c61-445f-96a7-61370b175fc0"><testcase classname="backend.tests.test_tournament_matches.TestBackendSetup" name="test_api_health" time="0.169" /><testcase classname="backend.tests.test_tournament_matches.TestBackendSetup" name="test_get_tournaments" time="0.155" /><testcase classname="backend.tests.test_tournament_matches.TestBackendSetup" name="test_get_players" time="0.162" /><testcase classname="backend.tests.test_tournament_matches.TestAuth" name="test_login_success" time="0.356" /><testcase classname="backend.tests.test_tournament_matches.TestAuth" name="test_login_invalid_credentials" time="0.104" /><testcase classname="backend.tests.test_tournament_matches.TestMatchCreation" name="test_create_match_with_tournament_and_category" time="1.140" /><testcase classname="backend.tests.test_tournament_matches.TestMatchCreation" name="test_create_match_missing_tournament" time="0.765" /><testcase classname="backend.tests.test_tournament_matches.TestMatchCreation" name="test_create_match_missing_category" time="0.715" /><testcase classname="backend.tests.test_tournament_matches.TestTournamentMatches" name="test_get_tournament_matches" time="0.270" /><testcase classname="backend.tests.test_tournament_matches.TestTournamentMatches" name="test_get_tournament_matches_with_category_filter" time="0.911" /><testcase classname="backend.tests.test_tournament_matches.TestTournamentMatches" name="test_tournament_not_found" time="0.105" /><testcase classname="backend.tests.test_tournament_matches.TestTournamentResults" name="test_get_tournament_results" time="0.248" /><testcase classname="backend.tests.test_tournament_matches.TestMatchesListWithCategory" name="test_matches_list_includes_category" time="0.908" /><testcase classname="backend.tests.test_tournament_matches.TestCleanup" name="test_cleanup_test_matches" time="0.937" /></testsuite></testsuites>